# JRE version: OpenJDK Runtime Environment (17.0.2+8) (build 17.0.2+8-86)
# Java VM: OpenJDK 64-Bit Server VM (17.0.2+8-86, mixed mode, sharing, tiered, compressed oops, compressed class ptrs, g1 gc, windows-amd64)
GC Precious Log:
 CPUs: 12 total, 12 available
 Memory: 20353M
 Large Page Support: Disabled
 NUMA Support: Disabled
 Compressed Oops: Enabled (Zero based)
 Heap Region Size: 4M
 Heap Min Capacity: 8M
 Heap Initial Capacity: 320M
 Heap Max Capacity: 5092M
 Pre-touch: Disabled
 Parallel Workers: 10
 Concurrent Workers: 3
 Concurrent Refinement Workers: 10
 Periodic GC: Disabled
Heap:
 garbage-first heap   total 77824K, used 48077K [0x00000006c1c00000, 0x0000000800000000)
  region size 4096K, 4 young (16384K), 1 survivors (4096K)
 Metaspace       used 26693K, committed 27008K, reserved 1073152K
  class space    used 3571K, committed 3712K, reserved 1048576K
GC Heap History (12 events):
Event: 0.915 GC heap before
{Heap before GC invocations=0 (full 0):
 garbage-first heap   total 327680K, used 20480K [0x00000006c1c00000, 0x0000000800000000)
  region size 4096K, 5 young (20480K), 0 survivors (0K)
 Metaspace       used 3824K, committed 3968K, reserved 1056768K
  class space    used 450K, committed 512K, reserved 1048576K
}
Event: 0.918 GC heap after
{Heap after GC invocations=1 (full 0):
 garbage-first heap   total 327680K, used 3913K [0x00000006c1c00000, 0x0000000800000000)
  region size 4096K, 1 young (4096K), 1 survivors (4096K)
 Metaspace       used 3824K, committed 3968K, reserved 1056768K
  class space    used 450K, committed 512K, reserved 1048576K
}
Event: 3.245 GC heap before
{Heap before GC invocations=1 (full 0):
 garbage-first heap   total 327680K, used 40777K [0x00000006c1c00000, 0x0000000800000000)
  region size 4096K, 10 young (40960K), 1 survivors (4096K)
 Metaspace       used 18738K, committed 19008K, reserved 1073152K
  class space    used 2357K, committed 2496K, reserved 1048576K
}
Event: 3.255 GC heap after
{Heap after GC invocations=2 (full 0):
 garbage-first heap   total 327680K, used 10342K [0x00000006c1c00000, 0x0000000800000000)
  region size 4096K, 2 young (8192K), 2 survivors (8192K)
 Metaspace       used 18738K, committed 19008K, reserved 1073152K
  class space    used 2357K, committed 2496K, reserved 1048576K
}
Event: 3.665 GC heap before
{Heap before GC invocations=2 (full 0):
 garbage-first heap   total 327680K, used 18534K [0x00000006c1c00000, 0x0000000800000000)
  region size 4096K, 5 young (20480K), 2 survivors (8192K)
 Metaspace       used 21300K, committed 21504K, reserved 1073152K
  class space    used 2836K, committed 2944K, reserved 1048576K
}
Event: 3.673 GC heap after
{Heap after GC invocations=3 (full 0):
 garbage-first heap   total 327680K, used 11859K [0x00000006c1c00000, 0x0000000800000000)
  region size 4096K, 1 young (4096K), 1 survivors (4096K)
 Metaspace       used 21300K, committed 21504K, reserved 1073152K
  class space    used 2836K, committed 2944K, reserved 1048576K
}
Event: 10.983 GC heap before
{Heap before GC invocations=4 (full 0):
 garbage-first heap   total 69632K, used 32339K [0x00000006c1c00000, 0x0000000800000000)
  region size 4096K, 6 young (24576K), 1 survivors (4096K)
 Metaspace       used 23872K, committed 24128K, reserved 1073152K
  class space    used 3207K, committed 3328K, reserved 1048576K
}
Event: 10.986 GC heap after
{Heap after GC invocations=5 (full 0):
 garbage-first heap   total 69632K, used 23237K [0x00000006c1c00000, 0x0000000800000000)
  region size 4096K, 2 young (8192K), 2 survivors (8192K)
 Metaspace       used 23872K, committed 24128K, reserved 1073152K
  class space    used 3207K, committed 3328K, reserved 1048576K
}
Event: 12.611 GC heap before
{Heap before GC invocations=5 (full 0):
 garbage-first heap   total 73728K, used 47813K [0x00000006c1c00000, 0x0000000800000000)
  region size 4096K, 3 young (12288K), 2 survivors (8192K)
 Metaspace       used 24335K, committed 24576K, reserved 1073152K
  class space    used 3302K, committed 3392K, reserved 1048576K
}
Event: 12.623 GC heap after
{Heap after GC invocations=6 (full 0):
 garbage-first heap   total 73728K, used 37841K [0x00000006c1c00000, 0x0000000800000000)
  region size 4096K, 1 young (4096K), 1 survivors (4096K)
 Metaspace       used 24335K, committed 24576K, reserved 1073152K
  class space    used 3302K, committed 3392K, reserved 1048576K
}
Event: 19.941 GC heap before
{Heap before GC invocations=6 (full 0):
 garbage-first heap   total 73728K, used 50129K [0x00000006c1c00000, 0x0000000800000000)
  region size 4096K, 4 young (16384K), 1 survivors (4096K)
 Metaspace       used 25852K, committed 26176K, reserved 1073152K
  class space    used 3511K, committed 3648K, reserved 1048576K
}
Event: 19.950 GC heap after
{Heap after GC invocations=7 (full 0):
 garbage-first heap   total 73728K, used 39885K [0x00000006c1c00000, 0x0000000800000000)
  region size 4096K, 1 young (4096K), 1 survivors (4096K)
 Metaspace       used 25852K, committed 26176K, reserved 1073152K
  class space    used 3511K, committed 3648K, reserved 1048576K
}

